2021-11-09 06:13:44.714  INFO 7532 --- [main] tn.esprit.spring.EntrepriseTest          : Starting EntrepriseTest on LAPTOP-VJBGLFQ9 with PID 7532 (started by Sissima in C:\Users\Sissima\Desktop\project\Devops)
2021-11-09 06:13:44.718  INFO 7532 --- [main] tn.esprit.spring.EntrepriseTest          : No active profile set, falling back to default profiles: default
2021-11-09 06:13:45.487  INFO 7532 --- [main] .s.d.r.c.RepositoryConfigurationDelegate : Bootstrapping Spring Data repositories in DEFAULT mode.
2021-11-09 06:13:45.598  INFO 7532 --- [main] .s.d.r.c.RepositoryConfigurationDelegate : Finished Spring Data repository scanning in 98ms. Found 6 repository interfaces.
2021-11-09 06:13:46.120  INFO 7532 --- [main] trationDelegate$BeanPostProcessorChecker : Bean 'org.springframework.transaction.annotation.ProxyTransactionManagementConfiguration' of type [org.springframework.transaction.annotation.ProxyTransactionManagementConfiguration$$EnhancerBySpringCGLIB$$620a7513] is not eligible for getting processed by all BeanPostProcessors (for example: not eligible for auto-proxying)
2021-11-09 06:13:46.350  INFO 7532 --- [main] com.zaxxer.hikari.HikariDataSource       : HikariPool-1 - Starting...
2021-11-09 06:13:46.577  INFO 7532 --- [main] com.zaxxer.hikari.HikariDataSource       : HikariPool-1 - Start completed.
2021-11-09 06:13:46.656  INFO 7532 --- [main] o.hibernate.jpa.internal.util.LogHelper  : HHH000204: Processing PersistenceUnitInfo [
	name: default
	...]
2021-11-09 06:13:46.781  INFO 7532 --- [main] org.hibernate.Version                    : HHH000412: Hibernate Core {5.3.9.Final}
2021-11-09 06:13:46.783  INFO 7532 --- [main] org.hibernate.cfg.Environment            : HHH000206: hibernate.properties not found
2021-11-09 06:13:47.011  INFO 7532 --- [main] o.hibernate.annotations.common.Version   : HCANN000001: Hibernate Commons Annotations {5.0.4.Final}
2021-11-09 06:13:47.513  INFO 7532 --- [main] org.hibernate.dialect.Dialect            : HHH000400: Using dialect: org.hibernate.dialect.MySQL5Dialect
2021-11-09 06:13:48.748  INFO 7532 --- [main] j.LocalContainerEntityManagerFactoryBean : Initialized JPA EntityManagerFactory for persistence unit 'default'
2021-11-09 06:13:49.232  INFO 7532 --- [main] o.h.h.i.QueryTranslatorFactoryInitiator  : HHH000397: Using ASTQueryTranslatorFactory
2021-11-09 06:13:50.166  INFO 7532 --- [main] o.s.s.concurrent.ThreadPoolTaskExecutor  : Initializing ExecutorService 'applicationTaskExecutor'
2021-11-09 06:13:50.234  WARN 7532 --- [main] aWebConfiguration$JpaWebMvcConfiguration : spring.jpa.open-in-view is enabled by default. Therefore, database queries may be performed during view rendering. Explicitly configure spring.jpa.open-in-view to disable this warning
2021-11-09 06:13:50.617  INFO 7532 --- [main] tn.esprit.spring.EntrepriseTest          : Started EntrepriseTest in 6.246 seconds (JVM running for 7.504)
2021-11-09 06:13:50.960  INFO 7532 --- [main] .b.t.c.SpringBootTestContextBootstrapper : Neither @ContextConfiguration nor @ContextHierarchy found for test class [tn.esprit.spring.services.EntrepriseServiceImplTest], using SpringBootContextLoader
2021-11-09 06:13:50.961  INFO 7532 --- [main] o.s.t.c.support.AbstractContextLoader    : Could not detect default resource locations for test class [tn.esprit.spring.services.EntrepriseServiceImplTest]: no resource found for suffixes {-context.xml, Context.groovy}.
2021-11-09 06:13:50.962  INFO 7532 --- [main] t.c.s.AnnotationConfigContextLoaderUtils : Could not detect default configuration classes for test class [tn.esprit.spring.services.EntrepriseServiceImplTest]: EntrepriseServiceImplTest does not declare any static, non-private, non-final, nested classes annotated with @Configuration.
2021-11-09 06:13:50.975  INFO 7532 --- [main] .b.t.c.SpringBootTestContextBootstrapper : Found @SpringBootConfiguration tn.esprit.spring.TimesheetSpringBootCoreDataJpaMvcRest1Application for test class tn.esprit.spring.services.EntrepriseServiceImplTest
2021-11-09 06:13:50.977  INFO 7532 --- [main] .b.t.c.SpringBootTestContextBootstrapper : Loaded default TestExecutionListener class names from location [META-INF/spring.factories]: [org.springframework.boot.test.mock.mockito.MockitoTestExecutionListener, org.springframework.boot.test.mock.mockito.ResetMocksTestExecutionListener, org.springframework.boot.test.autoconfigure.restdocs.RestDocsTestExecutionListener, org.springframework.boot.test.autoconfigure.web.client.MockRestServiceServerResetTestExecutionListener, org.springframework.boot.test.autoconfigure.web.servlet.MockMvcPrintOnlyOnFailureTestExecutionListener, org.springframework.boot.test.autoconfigure.web.servlet.WebDriverTestExecutionListener, org.springframework.test.context.web.ServletTestExecutionListener, org.springframework.test.context.support.DirtiesContextBeforeModesTestExecutionListener, org.springframework.test.context.support.DependencyInjectionTestExecutionListener, org.springframework.test.context.support.DirtiesContextTestExecutionListener, org.springframework.test.context.transaction.TransactionalTestExecutionListener, org.springframework.test.context.jdbc.SqlScriptsTestExecutionListener]
2021-11-09 06:13:50.978  INFO 7532 --- [main] .b.t.c.SpringBootTestContextBootstrapper : Using TestExecutionListeners: [org.springframework.test.context.web.ServletTestExecutionListener@34cc760f, org.springframework.test.context.support.DirtiesContextBeforeModesTestExecutionListener@7c2cc88, org.springframework.boot.test.mock.mockito.MockitoTestExecutionListener@2f7669af, org.springframework.boot.test.autoconfigure.SpringBootDependencyInjectionTestExecutionListener@61bfdb59, org.springframework.test.context.support.DirtiesContextTestExecutionListener@3614a56f, org.springframework.test.context.transaction.TransactionalTestExecutionListener@272399a9, org.springframework.test.context.jdbc.SqlScriptsTestExecutionListener@3b04b7f3, org.springframework.boot.test.mock.mockito.ResetMocksTestExecutionListener@24fec6d9, org.springframework.boot.test.autoconfigure.restdocs.RestDocsTestExecutionListener@37d230f4, org.springframework.boot.test.autoconfigure.web.client.MockRestServiceServerResetTestExecutionListener@c071976, org.springframework.boot.test.autoconfigure.web.servlet.MockMvcPrintOnlyOnFailureTestExecutionListener@12a29c2a, org.springframework.boot.test.autoconfigure.web.servlet.WebDriverTestExecutionListener@403848a9]
2021-11-09 06:13:50.993  INFO 7532 --- [main] .b.t.c.SpringBootTestContextBootstrapper : Neither @ContextConfiguration nor @ContextHierarchy found for test class [tn.esprit.spring.services.TimesheetServiceTests], using SpringBootContextLoader
2021-11-09 06:13:50.994  INFO 7532 --- [main] o.s.t.c.support.AbstractContextLoader    : Could not detect default resource locations for test class [tn.esprit.spring.services.TimesheetServiceTests]: no resource found for suffixes {-context.xml, Context.groovy}.
2021-11-09 06:13:50.994  INFO 7532 --- [main] t.c.s.AnnotationConfigContextLoaderUtils : Could not detect default configuration classes for test class [tn.esprit.spring.services.TimesheetServiceTests]: TimesheetServiceTests does not declare any static, non-private, non-final, nested classes annotated with @Configuration.
2021-11-09 06:13:50.996  INFO 7532 --- [main] .b.t.c.SpringBootTestContextBootstrapper : Found @SpringBootConfiguration tn.esprit.spring.TimesheetSpringBootCoreDataJpaMvcRest1Application for test class tn.esprit.spring.services.TimesheetServiceTests
2021-11-09 06:13:50.997  INFO 7532 --- [main] .b.t.c.SpringBootTestContextBootstrapper : Loaded default TestExecutionListener class names from location [META-INF/spring.factories]: [org.springframework.boot.test.mock.mockito.MockitoTestExecutionListener, org.springframework.boot.test.mock.mockito.ResetMocksTestExecutionListener, org.springframework.boot.test.autoconfigure.restdocs.RestDocsTestExecutionListener, org.springframework.boot.test.autoconfigure.web.client.MockRestServiceServerResetTestExecutionListener, org.springframework.boot.test.autoconfigure.web.servlet.MockMvcPrintOnlyOnFailureTestExecutionListener, org.springframework.boot.test.autoconfigure.web.servlet.WebDriverTestExecutionListener, org.springframework.test.context.web.ServletTestExecutionListener, org.springframework.test.context.support.DirtiesContextBeforeModesTestExecutionListener, org.springframework.test.context.support.DependencyInjectionTestExecutionListener, org.springframework.test.context.support.DirtiesContextTestExecutionListener, org.springframework.test.context.transaction.TransactionalTestExecutionListener, org.springframework.test.context.jdbc.SqlScriptsTestExecutionListener]
2021-11-09 06:13:50.998  INFO 7532 --- [main] .b.t.c.SpringBootTestContextBootstrapper : Using TestExecutionListeners: [org.springframework.test.context.web.ServletTestExecutionListener@577247a, org.springframework.test.context.support.DirtiesContextBeforeModesTestExecutionListener@6238ba1f, org.springframework.boot.test.mock.mockito.MockitoTestExecutionListener@738964c4, org.springframework.boot.test.autoconfigure.SpringBootDependencyInjectionTestExecutionListener@55852e64, org.springframework.test.context.support.DirtiesContextTestExecutionListener@696d845a, org.springframework.test.context.transaction.TransactionalTestExecutionListener@4e22332a, org.springframework.test.context.jdbc.SqlScriptsTestExecutionListener@76b5d16e, org.springframework.boot.test.mock.mockito.ResetMocksTestExecutionListener@a3f27d2, org.springframework.boot.test.autoconfigure.restdocs.RestDocsTestExecutionListener@ff53d9b, org.springframework.boot.test.autoconfigure.web.client.MockRestServiceServerResetTestExecutionListener@5011f42c, org.springframework.boot.test.autoconfigure.web.servlet.MockMvcPrintOnlyOnFailureTestExecutionListener@8f771e1, org.springframework.boot.test.autoconfigure.web.servlet.WebDriverTestExecutionListener@7b05c69a]
2021-11-09 06:13:51.205  INFO 7532 --- [Thread-3] o.s.s.concurrent.ThreadPoolTaskExecutor  : Shutting down ExecutorService 'applicationTaskExecutor'
2021-11-09 06:13:51.207  INFO 7532 --- [Thread-3] j.LocalContainerEntityManagerFactoryBean : Closing JPA EntityManagerFactory for persistence unit 'default'
2021-11-09 06:13:51.210  INFO 7532 --- [Thread-3] com.zaxxer.hikari.HikariDataSource       : HikariPool-1 - Shutdown initiated...
2021-11-09 06:13:51.375  INFO 7532 --- [Thread-3] com.zaxxer.hikari.HikariDataSource       : HikariPool-1 - Shutdown completed.
2021-11-09 06:15:22.562  INFO 17588 --- [main] tn.esprit.spring.EntrepriseTest          : Starting EntrepriseTest on LAPTOP-VJBGLFQ9 with PID 17588 (started by Sissima in C:\Users\Sissima\Desktop\project\Devops)
2021-11-09 06:15:22.564  INFO 17588 --- [main] tn.esprit.spring.EntrepriseTest          : No active profile set, falling back to default profiles: default
2021-11-09 06:15:23.320  INFO 17588 --- [main] .s.d.r.c.RepositoryConfigurationDelegate : Bootstrapping Spring Data repositories in DEFAULT mode.
2021-11-09 06:15:23.420  INFO 17588 --- [main] .s.d.r.c.RepositoryConfigurationDelegate : Finished Spring Data repository scanning in 88ms. Found 6 repository interfaces.
2021-11-09 06:15:23.904  INFO 17588 --- [main] trationDelegate$BeanPostProcessorChecker : Bean 'org.springframework.transaction.annotation.ProxyTransactionManagementConfiguration' of type [org.springframework.transaction.annotation.ProxyTransactionManagementConfiguration$$EnhancerBySpringCGLIB$$9701451b] is not eligible for getting processed by all BeanPostProcessors (for example: not eligible for auto-proxying)
2021-11-09 06:15:24.131  INFO 17588 --- [main] com.zaxxer.hikari.HikariDataSource       : HikariPool-1 - Starting...
2021-11-09 06:15:24.345  INFO 17588 --- [main] com.zaxxer.hikari.HikariDataSource       : HikariPool-1 - Start completed.
2021-11-09 06:15:24.415  INFO 17588 --- [main] o.hibernate.jpa.internal.util.LogHelper  : HHH000204: Processing PersistenceUnitInfo [
	name: default
	...]
2021-11-09 06:15:24.519  INFO 17588 --- [main] org.hibernate.Version                    : HHH000412: Hibernate Core {5.3.9.Final}
2021-11-09 06:15:24.521  INFO 17588 --- [main] org.hibernate.cfg.Environment            : HHH000206: hibernate.properties not found
2021-11-09 06:15:24.700  INFO 17588 --- [main] o.hibernate.annotations.common.Version   : HCANN000001: Hibernate Commons Annotations {5.0.4.Final}
2021-11-09 06:15:25.189  INFO 17588 --- [main] org.hibernate.dialect.Dialect            : HHH000400: Using dialect: org.hibernate.dialect.MySQL5Dialect
2021-11-09 06:15:26.314  INFO 17588 --- [main] j.LocalContainerEntityManagerFactoryBean : Initialized JPA EntityManagerFactory for persistence unit 'default'
2021-11-09 06:15:26.782  INFO 17588 --- [main] o.h.h.i.QueryTranslatorFactoryInitiator  : HHH000397: Using ASTQueryTranslatorFactory
2021-11-09 06:15:27.670  INFO 17588 --- [main] o.s.s.concurrent.ThreadPoolTaskExecutor  : Initializing ExecutorService 'applicationTaskExecutor'
2021-11-09 06:15:27.734  WARN 17588 --- [main] aWebConfiguration$JpaWebMvcConfiguration : spring.jpa.open-in-view is enabled by default. Therefore, database queries may be performed during view rendering. Explicitly configure spring.jpa.open-in-view to disable this warning
2021-11-09 06:15:28.121  INFO 17588 --- [main] tn.esprit.spring.EntrepriseTest          : Started EntrepriseTest in 5.941 seconds (JVM running for 7.082)
2021-11-09 06:15:28.456  INFO 17588 --- [main] .b.t.c.SpringBootTestContextBootstrapper : Neither @ContextConfiguration nor @ContextHierarchy found for test class [tn.esprit.spring.services.EntrepriseServiceImplTest], using SpringBootContextLoader
2021-11-09 06:15:28.456  INFO 17588 --- [main] o.s.t.c.support.AbstractContextLoader    : Could not detect default resource locations for test class [tn.esprit.spring.services.EntrepriseServiceImplTest]: no resource found for suffixes {-context.xml, Context.groovy}.
2021-11-09 06:15:28.457  INFO 17588 --- [main] t.c.s.AnnotationConfigContextLoaderUtils : Could not detect default configuration classes for test class [tn.esprit.spring.services.EntrepriseServiceImplTest]: EntrepriseServiceImplTest does not declare any static, non-private, non-final, nested classes annotated with @Configuration.
2021-11-09 06:15:28.470  INFO 17588 --- [main] .b.t.c.SpringBootTestContextBootstrapper : Found @SpringBootConfiguration tn.esprit.spring.TimesheetSpringBootCoreDataJpaMvcRest1Application for test class tn.esprit.spring.services.EntrepriseServiceImplTest
2021-11-09 06:15:28.471  INFO 17588 --- [main] .b.t.c.SpringBootTestContextBootstrapper : Loaded default TestExecutionListener class names from location [META-INF/spring.factories]: [org.springframework.boot.test.mock.mockito.MockitoTestExecutionListener, org.springframework.boot.test.mock.mockito.ResetMocksTestExecutionListener, org.springframework.boot.test.autoconfigure.restdocs.RestDocsTestExecutionListener, org.springframework.boot.test.autoconfigure.web.client.MockRestServiceServerResetTestExecutionListener, org.springframework.boot.test.autoconfigure.web.servlet.MockMvcPrintOnlyOnFailureTestExecutionListener, org.springframework.boot.test.autoconfigure.web.servlet.WebDriverTestExecutionListener, org.springframework.test.context.web.ServletTestExecutionListener, org.springframework.test.context.support.DirtiesContextBeforeModesTestExecutionListener, org.springframework.test.context.support.DependencyInjectionTestExecutionListener, org.springframework.test.context.support.DirtiesContextTestExecutionListener, org.springframework.test.context.transaction.TransactionalTestExecutionListener, org.springframework.test.context.jdbc.SqlScriptsTestExecutionListener]
2021-11-09 06:15:28.471  INFO 17588 --- [main] .b.t.c.SpringBootTestContextBootstrapper : Using TestExecutionListeners: [org.springframework.test.context.web.ServletTestExecutionListener@44cfd479, org.springframework.test.context.support.DirtiesContextBeforeModesTestExecutionListener@4f63304d, org.springframework.boot.test.mock.mockito.MockitoTestExecutionListener@733a2072, org.springframework.boot.test.autoconfigure.SpringBootDependencyInjectionTestExecutionListener@f89fc49, org.springframework.test.context.support.DirtiesContextTestExecutionListener@355f9ddd, org.springframework.test.context.transaction.TransactionalTestExecutionListener@63682263, org.springframework.test.context.jdbc.SqlScriptsTestExecutionListener@41f3b7cc, org.springframework.boot.test.mock.mockito.ResetMocksTestExecutionListener@158600f, org.springframework.boot.test.autoconfigure.restdocs.RestDocsTestExecutionListener@4820b48c, org.springframework.boot.test.autoconfigure.web.client.MockRestServiceServerResetTestExecutionListener@6af9fcd1, org.springframework.boot.test.autoconfigure.web.servlet.MockMvcPrintOnlyOnFailureTestExecutionListener@36687b95, org.springframework.boot.test.autoconfigure.web.servlet.WebDriverTestExecutionListener@74723d4f]
2021-11-09 06:15:28.487  INFO 17588 --- [main] .b.t.c.SpringBootTestContextBootstrapper : Neither @ContextConfiguration nor @ContextHierarchy found for test class [tn.esprit.spring.services.TimesheetServiceTests], using SpringBootContextLoader
2021-11-09 06:15:28.488  INFO 17588 --- [main] o.s.t.c.support.AbstractContextLoader    : Could not detect default resource locations for test class [tn.esprit.spring.services.TimesheetServiceTests]: no resource found for suffixes {-context.xml, Context.groovy}.
2021-11-09 06:15:28.488  INFO 17588 --- [main] t.c.s.AnnotationConfigContextLoaderUtils : Could not detect default configuration classes for test class [tn.esprit.spring.services.TimesheetServiceTests]: TimesheetServiceTests does not declare any static, non-private, non-final, nested classes annotated with @Configuration.
2021-11-09 06:15:28.491  INFO 17588 --- [main] .b.t.c.SpringBootTestContextBootstrapper : Found @SpringBootConfiguration tn.esprit.spring.TimesheetSpringBootCoreDataJpaMvcRest1Application for test class tn.esprit.spring.services.TimesheetServiceTests
2021-11-09 06:15:28.492  INFO 17588 --- [main] .b.t.c.SpringBootTestContextBootstrapper : Loaded default TestExecutionListener class names from location [META-INF/spring.factories]: [org.springframework.boot.test.mock.mockito.MockitoTestExecutionListener, org.springframework.boot.test.mock.mockito.ResetMocksTestExecutionListener, org.springframework.boot.test.autoconfigure.restdocs.RestDocsTestExecutionListener, org.springframework.boot.test.autoconfigure.web.client.MockRestServiceServerResetTestExecutionListener, org.springframework.boot.test.autoconfigure.web.servlet.MockMvcPrintOnlyOnFailureTestExecutionListener, org.springframework.boot.test.autoconfigure.web.servlet.WebDriverTestExecutionListener, org.springframework.test.context.web.ServletTestExecutionListener, org.springframework.test.context.support.DirtiesContextBeforeModesTestExecutionListener, org.springframework.test.context.support.DependencyInjectionTestExecutionListener, org.springframework.test.context.support.DirtiesContextTestExecutionListener, org.springframework.test.context.transaction.TransactionalTestExecutionListener, org.springframework.test.context.jdbc.SqlScriptsTestExecutionListener]
2021-11-09 06:15:28.493  INFO 17588 --- [main] .b.t.c.SpringBootTestContextBootstrapper : Using TestExecutionListeners: [org.springframework.test.context.web.ServletTestExecutionListener@4c4222e6, org.springframework.test.context.support.DirtiesContextBeforeModesTestExecutionListener@1bb11ed9, org.springframework.boot.test.mock.mockito.MockitoTestExecutionListener@3a147ebe, org.springframework.boot.test.autoconfigure.SpringBootDependencyInjectionTestExecutionListener@50873dfc, org.springframework.test.context.support.DirtiesContextTestExecutionListener@d0f7018, org.springframework.test.context.transaction.TransactionalTestExecutionListener@1edbf0b6, org.springframework.test.context.jdbc.SqlScriptsTestExecutionListener@7a39c5d, org.springframework.boot.test.mock.mockito.ResetMocksTestExecutionListener@6ea23988, org.springframework.boot.test.autoconfigure.restdocs.RestDocsTestExecutionListener@18db1bf4, org.springframework.boot.test.autoconfigure.web.client.MockRestServiceServerResetTestExecutionListener@59440619, org.springframework.boot.test.autoconfigure.web.servlet.MockMvcPrintOnlyOnFailureTestExecutionListener@429e2818, org.springframework.boot.test.autoconfigure.web.servlet.WebDriverTestExecutionListener@3d0f37ba]
2021-11-09 06:15:29.095  INFO 17588 --- [Thread-3] o.s.s.concurrent.ThreadPoolTaskExecutor  : Shutting down ExecutorService 'applicationTaskExecutor'
2021-11-09 06:15:29.096  INFO 17588 --- [Thread-3] j.LocalContainerEntityManagerFactoryBean : Closing JPA EntityManagerFactory for persistence unit 'default'
2021-11-09 06:15:29.098  INFO 17588 --- [Thread-3] com.zaxxer.hikari.HikariDataSource       : HikariPool-1 - Shutdown initiated...
2021-11-09 06:15:29.260  INFO 17588 --- [Thread-3] com.zaxxer.hikari.HikariDataSource       : HikariPool-1 - Shutdown completed.
2021-11-09 07:30:18.719  INFO 15616 --- [main] tn.esprit.spring.EntrepriseTest          : Starting EntrepriseTest on LAPTOP-VJBGLFQ9 with PID 15616 (started by Sissima in C:\Users\Sissima\Desktop\project\Devops)
2021-11-09 07:30:18.720  INFO 15616 --- [main] tn.esprit.spring.EntrepriseTest          : No active profile set, falling back to default profiles: default
2021-11-09 07:30:19.968  INFO 15616 --- [main] .s.d.r.c.RepositoryConfigurationDelegate : Bootstrapping Spring Data repositories in DEFAULT mode.
2021-11-09 07:30:20.163  INFO 15616 --- [main] .s.d.r.c.RepositoryConfigurationDelegate : Finished Spring Data repository scanning in 169ms. Found 6 repository interfaces.
2021-11-09 07:30:21.116  INFO 15616 --- [main] trationDelegate$BeanPostProcessorChecker : Bean 'org.springframework.transaction.annotation.ProxyTransactionManagementConfiguration' of type [org.springframework.transaction.annotation.ProxyTransactionManagementConfiguration$$EnhancerBySpringCGLIB$$885b51ea] is not eligible for getting processed by all BeanPostProcessors (for example: not eligible for auto-proxying)
2021-11-09 07:30:21.494  INFO 15616 --- [main] com.zaxxer.hikari.HikariDataSource       : HikariPool-1 - Starting...
2021-11-09 07:30:21.858  INFO 15616 --- [main] com.zaxxer.hikari.HikariDataSource       : HikariPool-1 - Start completed.
2021-11-09 07:30:21.985  INFO 15616 --- [main] o.hibernate.jpa.internal.util.LogHelper  : HHH000204: Processing PersistenceUnitInfo [
	name: default
	...]
2021-11-09 07:30:22.146  INFO 15616 --- [main] org.hibernate.Version                    : HHH000412: Hibernate Core {5.3.9.Final}
2021-11-09 07:30:22.150  INFO 15616 --- [main] org.hibernate.cfg.Environment            : HHH000206: hibernate.properties not found
2021-11-09 07:30:22.454  INFO 15616 --- [main] o.hibernate.annotations.common.Version   : HCANN000001: Hibernate Commons Annotations {5.0.4.Final}
2021-11-09 07:30:24.015  INFO 15616 --- [main] org.hibernate.dialect.Dialect            : HHH000400: Using dialect: org.hibernate.dialect.MySQL5Dialect
2021-11-09 07:30:26.164  INFO 15616 --- [main] j.LocalContainerEntityManagerFactoryBean : Initialized JPA EntityManagerFactory for persistence unit 'default'
2021-11-09 07:30:26.966  INFO 15616 --- [main] o.h.h.i.QueryTranslatorFactoryInitiator  : HHH000397: Using ASTQueryTranslatorFactory
2021-11-09 07:30:28.520  INFO 15616 --- [main] o.s.s.concurrent.ThreadPoolTaskExecutor  : Initializing ExecutorService 'applicationTaskExecutor'
2021-11-09 07:30:28.631  WARN 15616 --- [main] aWebConfiguration$JpaWebMvcConfiguration : spring.jpa.open-in-view is enabled by default. Therefore, database queries may be performed during view rendering. Explicitly configure spring.jpa.open-in-view to disable this warning
2021-11-09 07:30:29.222  INFO 15616 --- [main] tn.esprit.spring.EntrepriseTest          : Started EntrepriseTest in 11.212 seconds (JVM running for 13.622)
2021-11-09 07:30:29.808  INFO 15616 --- [main] .b.t.c.SpringBootTestContextBootstrapper : Neither @ContextConfiguration nor @ContextHierarchy found for test class [tn.esprit.spring.services.EntrepriseServiceImplTest], using SpringBootContextLoader
2021-11-09 07:30:29.810  INFO 15616 --- [main] o.s.t.c.support.AbstractContextLoader    : Could not detect default resource locations for test class [tn.esprit.spring.services.EntrepriseServiceImplTest]: no resource found for suffixes {-context.xml, Context.groovy}.
2021-11-09 07:30:29.811  INFO 15616 --- [main] t.c.s.AnnotationConfigContextLoaderUtils : Could not detect default configuration classes for test class [tn.esprit.spring.services.EntrepriseServiceImplTest]: EntrepriseServiceImplTest does not declare any static, non-private, non-final, nested classes annotated with @Configuration.
2021-11-09 07:30:29.835  INFO 15616 --- [main] .b.t.c.SpringBootTestContextBootstrapper : Found @SpringBootConfiguration tn.esprit.spring.TimesheetSpringBootCoreDataJpaMvcRest1Application for test class tn.esprit.spring.services.EntrepriseServiceImplTest
2021-11-09 07:30:29.840  INFO 15616 --- [main] .b.t.c.SpringBootTestContextBootstrapper : Loaded default TestExecutionListener class names from location [META-INF/spring.factories]: [org.springframework.boot.test.mock.mockito.MockitoTestExecutionListener, org.springframework.boot.test.mock.mockito.ResetMocksTestExecutionListener, org.springframework.boot.test.autoconfigure.restdocs.RestDocsTestExecutionListener, org.springframework.boot.test.autoconfigure.web.client.MockRestServiceServerResetTestExecutionListener, org.springframework.boot.test.autoconfigure.web.servlet.MockMvcPrintOnlyOnFailureTestExecutionListener, org.springframework.boot.test.autoconfigure.web.servlet.WebDriverTestExecutionListener, org.springframework.test.context.web.ServletTestExecutionListener, org.springframework.test.context.support.DirtiesContextBeforeModesTestExecutionListener, org.springframework.test.context.support.DependencyInjectionTestExecutionListener, org.springframework.test.context.support.DirtiesContextTestExecutionListener, org.springframework.test.context.transaction.TransactionalTestExecutionListener, org.springframework.test.context.jdbc.SqlScriptsTestExecutionListener]
2021-11-09 07:30:29.841  INFO 15616 --- [main] .b.t.c.SpringBootTestContextBootstrapper : Using TestExecutionListeners: [org.springframework.test.context.web.ServletTestExecutionListener@4f63304d, org.springframework.test.context.support.DirtiesContextBeforeModesTestExecutionListener@733a2072, org.springframework.boot.test.mock.mockito.MockitoTestExecutionListener@f89fc49, org.springframework.boot.test.autoconfigure.SpringBootDependencyInjectionTestExecutionListener@355f9ddd, org.springframework.test.context.support.DirtiesContextTestExecutionListener@63682263, org.springframework.test.context.transaction.TransactionalTestExecutionListener@41f3b7cc, org.springframework.test.context.jdbc.SqlScriptsTestExecutionListener@158600f, org.springframework.boot.test.mock.mockito.ResetMocksTestExecutionListener@4820b48c, org.springframework.boot.test.autoconfigure.restdocs.RestDocsTestExecutionListener@6af9fcd1, org.springframework.boot.test.autoconfigure.web.client.MockRestServiceServerResetTestExecutionListener@36687b95, org.springframework.boot.test.autoconfigure.web.servlet.MockMvcPrintOnlyOnFailureTestExecutionListener@74723d4f, org.springframework.boot.test.autoconfigure.web.servlet.WebDriverTestExecutionListener@39bb6399]
2021-11-09 07:30:29.860  INFO 15616 --- [main] .b.t.c.SpringBootTestContextBootstrapper : Neither @ContextConfiguration nor @ContextHierarchy found for test class [tn.esprit.spring.services.TimesheetServiceTests], using SpringBootContextLoader
2021-11-09 07:30:29.862  INFO 15616 --- [main] o.s.t.c.support.AbstractContextLoader    : Could not detect default resource locations for test class [tn.esprit.spring.services.TimesheetServiceTests]: no resource found for suffixes {-context.xml, Context.groovy}.
2021-11-09 07:30:29.863  INFO 15616 --- [main] t.c.s.AnnotationConfigContextLoaderUtils : Could not detect default configuration classes for test class [tn.esprit.spring.services.TimesheetServiceTests]: TimesheetServiceTests does not declare any static, non-private, non-final, nested classes annotated with @Configuration.
2021-11-09 07:30:29.865  INFO 15616 --- [main] .b.t.c.SpringBootTestContextBootstrapper : Found @SpringBootConfiguration tn.esprit.spring.TimesheetSpringBootCoreDataJpaMvcRest1Application for test class tn.esprit.spring.services.TimesheetServiceTests
2021-11-09 07:30:29.867  INFO 15616 --- [main] .b.t.c.SpringBootTestContextBootstrapper : Loaded default TestExecutionListener class names from location [META-INF/spring.factories]: [org.springframework.boot.test.mock.mockito.MockitoTestExecutionListener, org.springframework.boot.test.mock.mockito.ResetMocksTestExecutionListener, org.springframework.boot.test.autoconfigure.restdocs.RestDocsTestExecutionListener, org.springframework.boot.test.autoconfigure.web.client.MockRestServiceServerResetTestExecutionListener, org.springframework.boot.test.autoconfigure.web.servlet.MockMvcPrintOnlyOnFailureTestExecutionListener, org.springframework.boot.test.autoconfigure.web.servlet.WebDriverTestExecutionListener, org.springframework.test.context.web.ServletTestExecutionListener, org.springframework.test.context.support.DirtiesContextBeforeModesTestExecutionListener, org.springframework.test.context.support.DependencyInjectionTestExecutionListener, org.springframework.test.context.support.DirtiesContextTestExecutionListener, org.springframework.test.context.transaction.TransactionalTestExecutionListener, org.springframework.test.context.jdbc.SqlScriptsTestExecutionListener]
2021-11-09 07:30:29.867  INFO 15616 --- [main] .b.t.c.SpringBootTestContextBootstrapper : Using TestExecutionListeners: [org.springframework.test.context.web.ServletTestExecutionListener@1bb11ed9, org.springframework.test.context.support.DirtiesContextBeforeModesTestExecutionListener@3a147ebe, org.springframework.boot.test.mock.mockito.MockitoTestExecutionListener@50873dfc, org.springframework.boot.test.autoconfigure.SpringBootDependencyInjectionTestExecutionListener@d0f7018, org.springframework.test.context.support.DirtiesContextTestExecutionListener@1edbf0b6, org.springframework.test.context.transaction.TransactionalTestExecutionListener@7a39c5d, org.springframework.test.context.jdbc.SqlScriptsTestExecutionListener@6ea23988, org.springframework.boot.test.mock.mockito.ResetMocksTestExecutionListener@18db1bf4, org.springframework.boot.test.autoconfigure.restdocs.RestDocsTestExecutionListener@59440619, org.springframework.boot.test.autoconfigure.web.client.MockRestServiceServerResetTestExecutionListener@429e2818, org.springframework.boot.test.autoconfigure.web.servlet.MockMvcPrintOnlyOnFailureTestExecutionListener@3d0f37ba, org.springframework.boot.test.autoconfigure.web.servlet.WebDriverTestExecutionListener@7dcb9f54]
2021-11-09 07:30:31.317  INFO 15616 --- [Thread-3] o.s.s.concurrent.ThreadPoolTaskExecutor  : Shutting down ExecutorService 'applicationTaskExecutor'
2021-11-09 07:30:31.321  INFO 15616 --- [Thread-3] j.LocalContainerEntityManagerFactoryBean : Closing JPA EntityManagerFactory for persistence unit 'default'
2021-11-09 07:30:31.325  INFO 15616 --- [Thread-3] com.zaxxer.hikari.HikariDataSource       : HikariPool-1 - Shutdown initiated...
2021-11-09 07:30:31.597  INFO 15616 --- [Thread-3] com.zaxxer.hikari.HikariDataSource       : HikariPool-1 - Shutdown completed.
2021-11-09 07:33:16.999  INFO 21328 --- [main] t.e.s.services.TimesheetServiceTests     : Starting TimesheetServiceTests on LAPTOP-VJBGLFQ9 with PID 21328 (started by Sissima in C:\Users\Sissima\Desktop\project\Devops)
2021-11-09 07:33:17.000  INFO 21328 --- [main] t.e.s.services.TimesheetServiceTests     : No active profile set, falling back to default profiles: default
2021-11-09 07:33:17.756  INFO 21328 --- [main] .s.d.r.c.RepositoryConfigurationDelegate : Bootstrapping Spring Data repositories in DEFAULT mode.
2021-11-09 07:33:17.870  INFO 21328 --- [main] .s.d.r.c.RepositoryConfigurationDelegate : Finished Spring Data repository scanning in 104ms. Found 6 repository interfaces.
2021-11-09 07:33:18.580  INFO 21328 --- [main] trationDelegate$BeanPostProcessorChecker : Bean 'org.springframework.transaction.annotation.ProxyTransactionManagementConfiguration' of type [org.springframework.transaction.annotation.ProxyTransactionManagementConfiguration$$EnhancerBySpringCGLIB$$9aba3785] is not eligible for getting processed by all BeanPostProcessors (for example: not eligible for auto-proxying)
2021-11-09 07:33:18.822  INFO 21328 --- [main] com.zaxxer.hikari.HikariDataSource       : HikariPool-1 - Starting...
2021-11-09 07:33:19.008  INFO 21328 --- [main] com.zaxxer.hikari.HikariDataSource       : HikariPool-1 - Start completed.
2021-11-09 07:33:19.197  INFO 21328 --- [main] o.hibernate.jpa.internal.util.LogHelper  : HHH000204: Processing PersistenceUnitInfo [
	name: default
	...]
2021-11-09 07:33:19.286  INFO 21328 --- [main] org.hibernate.Version                    : HHH000412: Hibernate Core {5.3.9.Final}
2021-11-09 07:33:19.288  INFO 21328 --- [main] org.hibernate.cfg.Environment            : HHH000206: hibernate.properties not found
2021-11-09 07:33:19.474  INFO 21328 --- [main] o.hibernate.annotations.common.Version   : HCANN000001: Hibernate Commons Annotations {5.0.4.Final}
2021-11-09 07:33:20.688  INFO 21328 --- [main] org.hibernate.dialect.Dialect            : HHH000400: Using dialect: org.hibernate.dialect.MySQL5Dialect
2021-11-09 07:33:22.358  INFO 21328 --- [main] j.LocalContainerEntityManagerFactoryBean : Initialized JPA EntityManagerFactory for persistence unit 'default'
2021-11-09 07:33:22.839  INFO 21328 --- [main] o.h.h.i.QueryTranslatorFactoryInitiator  : HHH000397: Using ASTQueryTranslatorFactory
2021-11-09 07:33:23.919  INFO 21328 --- [main] o.s.s.concurrent.ThreadPoolTaskExecutor  : Initializing ExecutorService 'applicationTaskExecutor'
2021-11-09 07:33:23.989  WARN 21328 --- [main] aWebConfiguration$JpaWebMvcConfiguration : spring.jpa.open-in-view is enabled by default. Therefore, database queries may be performed during view rendering. Explicitly configure spring.jpa.open-in-view to disable this warning
2021-11-09 07:33:24.683  INFO 21328 --- [main] t.e.s.services.TimesheetServiceTests     : Started TimesheetServiceTests in 8.013 seconds (JVM running for 9.546)
2021-11-09 07:33:24.947  INFO 21328 --- [Thread-2] o.s.s.concurrent.ThreadPoolTaskExecutor  : Shutting down ExecutorService 'applicationTaskExecutor'
2021-11-09 07:33:24.950  INFO 21328 --- [Thread-2] j.LocalContainerEntityManagerFactoryBean : Closing JPA EntityManagerFactory for persistence unit 'default'
2021-11-09 07:33:24.953  INFO 21328 --- [Thread-2] com.zaxxer.hikari.HikariDataSource       : HikariPool-1 - Shutdown initiated...
2021-11-09 07:33:24.959  INFO 21328 --- [Thread-2] com.zaxxer.hikari.HikariDataSource       : HikariPool-1 - Shutdown completed.
2021-11-09 07:35:00.021  INFO 16004 --- [main] t.e.s.services.TimesheetServiceTests     : Starting TimesheetServiceTests on LAPTOP-VJBGLFQ9 with PID 16004 (started by Sissima in C:\Users\Sissima\Desktop\project\Devops)
2021-11-09 07:35:00.022  INFO 16004 --- [main] t.e.s.services.TimesheetServiceTests     : No active profile set, falling back to default profiles: default
2021-11-09 07:35:00.717  INFO 16004 --- [main] .s.d.r.c.RepositoryConfigurationDelegate : Bootstrapping Spring Data repositories in DEFAULT mode.
2021-11-09 07:35:00.820  INFO 16004 --- [main] .s.d.r.c.RepositoryConfigurationDelegate : Finished Spring Data repository scanning in 91ms. Found 6 repository interfaces.
2021-11-09 07:35:01.358  INFO 16004 --- [main] trationDelegate$BeanPostProcessorChecker : Bean 'org.springframework.transaction.annotation.ProxyTransactionManagementConfiguration' of type [org.springframework.transaction.annotation.ProxyTransactionManagementConfiguration$$EnhancerBySpringCGLIB$$ec434066] is not eligible for getting processed by all BeanPostProcessors (for example: not eligible for auto-proxying)
2021-11-09 07:35:01.629  INFO 16004 --- [main] com.zaxxer.hikari.HikariDataSource       : HikariPool-1 - Starting...
2021-11-09 07:35:01.980  INFO 16004 --- [main] com.zaxxer.hikari.HikariDataSource       : HikariPool-1 - Start completed.
2021-11-09 07:35:02.125  INFO 16004 --- [main] o.hibernate.jpa.internal.util.LogHelper  : HHH000204: Processing PersistenceUnitInfo [
	name: default
	...]
2021-11-09 07:35:02.296  INFO 16004 --- [main] org.hibernate.Version                    : HHH000412: Hibernate Core {5.3.9.Final}
2021-11-09 07:35:02.302  INFO 16004 --- [main] org.hibernate.cfg.Environment            : HHH000206: hibernate.properties not found
2021-11-09 07:35:02.518  INFO 16004 --- [main] o.hibernate.annotations.common.Version   : HCANN000001: Hibernate Commons Annotations {5.0.4.Final}
2021-11-09 07:35:03.726  INFO 16004 --- [main] org.hibernate.dialect.Dialect            : HHH000400: Using dialect: org.hibernate.dialect.MySQL5Dialect
2021-11-09 07:35:05.311  INFO 16004 --- [main] j.LocalContainerEntityManagerFactoryBean : Initialized JPA EntityManagerFactory for persistence unit 'default'
2021-11-09 07:35:05.900  INFO 16004 --- [main] o.h.h.i.QueryTranslatorFactoryInitiator  : HHH000397: Using ASTQueryTranslatorFactory
2021-11-09 07:35:06.932  INFO 16004 --- [main] o.s.s.concurrent.ThreadPoolTaskExecutor  : Initializing ExecutorService 'applicationTaskExecutor'
2021-11-09 07:35:07.227  WARN 16004 --- [main] aWebConfiguration$JpaWebMvcConfiguration : spring.jpa.open-in-view is enabled by default. Therefore, database queries may be performed during view rendering. Explicitly configure spring.jpa.open-in-view to disable this warning
2021-11-09 07:35:07.697  INFO 16004 --- [main] t.e.s.services.TimesheetServiceTests     : Started TimesheetServiceTests in 8.011 seconds (JVM running for 9.468)
2021-11-09 07:35:07.987  INFO 16004 --- [Thread-2] o.s.s.concurrent.ThreadPoolTaskExecutor  : Shutting down ExecutorService 'applicationTaskExecutor'
2021-11-09 07:35:07.992  INFO 16004 --- [Thread-2] j.LocalContainerEntityManagerFactoryBean : Closing JPA EntityManagerFactory for persistence unit 'default'
2021-11-09 07:35:07.996  INFO 16004 --- [Thread-2] com.zaxxer.hikari.HikariDataSource       : HikariPool-1 - Shutdown initiated...
2021-11-09 07:35:08.002  INFO 16004 --- [Thread-2] com.zaxxer.hikari.HikariDataSource       : HikariPool-1 - Shutdown completed.
2021-11-09 07:35:35.871  INFO 2656 --- [main] tn.esprit.spring.EntrepriseTest          : Starting EntrepriseTest on LAPTOP-VJBGLFQ9 with PID 2656 (started by Sissima in C:\Users\Sissima\Desktop\project\Devops)
2021-11-09 07:35:35.873  INFO 2656 --- [main] tn.esprit.spring.EntrepriseTest          : No active profile set, falling back to default profiles: default
2021-11-09 07:35:36.863  INFO 2656 --- [main] .s.d.r.c.RepositoryConfigurationDelegate : Bootstrapping Spring Data repositories in DEFAULT mode.
2021-11-09 07:35:37.012  INFO 2656 --- [main] .s.d.r.c.RepositoryConfigurationDelegate : Finished Spring Data repository scanning in 135ms. Found 6 repository interfaces.
2021-11-09 07:35:37.715  INFO 2656 --- [main] trationDelegate$BeanPostProcessorChecker : Bean 'org.springframework.transaction.annotation.ProxyTransactionManagementConfiguration' of type [org.springframework.transaction.annotation.ProxyTransactionManagementConfiguration$$EnhancerBySpringCGLIB$$7f417870] is not eligible for getting processed by all BeanPostProcessors (for example: not eligible for auto-proxying)
2021-11-09 07:35:38.040  INFO 2656 --- [main] com.zaxxer.hikari.HikariDataSource       : HikariPool-1 - Starting...
2021-11-09 07:35:38.319  INFO 2656 --- [main] com.zaxxer.hikari.HikariDataSource       : HikariPool-1 - Start completed.
2021-11-09 07:35:38.429  INFO 2656 --- [main] o.hibernate.jpa.internal.util.LogHelper  : HHH000204: Processing PersistenceUnitInfo [
	name: default
	...]
2021-11-09 07:35:38.570  INFO 2656 --- [main] org.hibernate.Version                    : HHH000412: Hibernate Core {5.3.9.Final}
2021-11-09 07:35:38.574  INFO 2656 --- [main] org.hibernate.cfg.Environment            : HHH000206: hibernate.properties not found
2021-11-09 07:35:38.820  INFO 2656 --- [main] o.hibernate.annotations.common.Version   : HCANN000001: Hibernate Commons Annotations {5.0.4.Final}
2021-11-09 07:35:40.039  INFO 2656 --- [main] org.hibernate.dialect.Dialect            : HHH000400: Using dialect: org.hibernate.dialect.MySQL5Dialect
2021-11-09 07:35:42.314  INFO 2656 --- [main] j.LocalContainerEntityManagerFactoryBean : Initialized JPA EntityManagerFactory for persistence unit 'default'
2021-11-09 07:35:43.083  INFO 2656 --- [main] o.h.h.i.QueryTranslatorFactoryInitiator  : HHH000397: Using ASTQueryTranslatorFactory
2021-11-09 07:35:44.386  INFO 2656 --- [main] o.s.s.concurrent.ThreadPoolTaskExecutor  : Initializing ExecutorService 'applicationTaskExecutor'
2021-11-09 07:35:44.486  WARN 2656 --- [main] aWebConfiguration$JpaWebMvcConfiguration : spring.jpa.open-in-view is enabled by default. Therefore, database queries may be performed during view rendering. Explicitly configure spring.jpa.open-in-view to disable this warning
2021-11-09 07:35:44.994  INFO 2656 --- [main] tn.esprit.spring.EntrepriseTest          : Started EntrepriseTest in 9.665 seconds (JVM running for 11.663)
2021-11-09 07:35:45.560  INFO 2656 --- [main] .b.t.c.SpringBootTestContextBootstrapper : Neither @ContextConfiguration nor @ContextHierarchy found for test class [tn.esprit.spring.services.EntrepriseServiceImplTest], using SpringBootContextLoader
2021-11-09 07:35:45.562  INFO 2656 --- [main] o.s.t.c.support.AbstractContextLoader    : Could not detect default resource locations for test class [tn.esprit.spring.services.EntrepriseServiceImplTest]: no resource found for suffixes {-context.xml, Context.groovy}.
2021-11-09 07:35:45.563  INFO 2656 --- [main] t.c.s.AnnotationConfigContextLoaderUtils : Could not detect default configuration classes for test class [tn.esprit.spring.services.EntrepriseServiceImplTest]: EntrepriseServiceImplTest does not declare any static, non-private, non-final, nested classes annotated with @Configuration.
2021-11-09 07:35:45.584  INFO 2656 --- [main] .b.t.c.SpringBootTestContextBootstrapper : Found @SpringBootConfiguration tn.esprit.spring.TimesheetSpringBootCoreDataJpaMvcRest1Application for test class tn.esprit.spring.services.EntrepriseServiceImplTest
2021-11-09 07:35:45.588  INFO 2656 --- [main] .b.t.c.SpringBootTestContextBootstrapper : Loaded default TestExecutionListener class names from location [META-INF/spring.factories]: [org.springframework.boot.test.mock.mockito.MockitoTestExecutionListener, org.springframework.boot.test.mock.mockito.ResetMocksTestExecutionListener, org.springframework.boot.test.autoconfigure.restdocs.RestDocsTestExecutionListener, org.springframework.boot.test.autoconfigure.web.client.MockRestServiceServerResetTestExecutionListener, org.springframework.boot.test.autoconfigure.web.servlet.MockMvcPrintOnlyOnFailureTestExecutionListener, org.springframework.boot.test.autoconfigure.web.servlet.WebDriverTestExecutionListener, org.springframework.test.context.web.ServletTestExecutionListener, org.springframework.test.context.support.DirtiesContextBeforeModesTestExecutionListener, org.springframework.test.context.support.DependencyInjectionTestExecutionListener, org.springframework.test.context.support.DirtiesContextTestExecutionListener, org.springframework.test.context.transaction.TransactionalTestExecutionListener, org.springframework.test.context.jdbc.SqlScriptsTestExecutionListener]
2021-11-09 07:35:45.589  INFO 2656 --- [main] .b.t.c.SpringBootTestContextBootstrapper : Using TestExecutionListeners: [org.springframework.test.context.web.ServletTestExecutionListener@4cf8ebf6, org.springframework.test.context.support.DirtiesContextBeforeModesTestExecutionListener@1c44143f, org.springframework.boot.test.mock.mockito.MockitoTestExecutionListener@70e195c1, org.springframework.boot.test.autoconfigure.SpringBootDependencyInjectionTestExecutionListener@44cfd479, org.springframework.test.context.support.DirtiesContextTestExecutionListener@4f63304d, org.springframework.test.context.transaction.TransactionalTestExecutionListener@733a2072, org.springframework.test.context.jdbc.SqlScriptsTestExecutionListener@f89fc49, org.springframework.boot.test.mock.mockito.ResetMocksTestExecutionListener@355f9ddd, org.springframework.boot.test.autoconfigure.restdocs.RestDocsTestExecutionListener@63682263, org.springframework.boot.test.autoconfigure.web.client.MockRestServiceServerResetTestExecutionListener@41f3b7cc, org.springframework.boot.test.autoconfigure.web.servlet.MockMvcPrintOnlyOnFailureTestExecutionListener@158600f, org.springframework.boot.test.autoconfigure.web.servlet.WebDriverTestExecutionListener@4820b48c]
2021-11-09 07:35:45.611  INFO 2656 --- [main] .b.t.c.SpringBootTestContextBootstrapper : Neither @ContextConfiguration nor @ContextHierarchy found for test class [tn.esprit.spring.services.TimesheetServiceTests], using SpringBootContextLoader
2021-11-09 07:35:45.613  INFO 2656 --- [main] o.s.t.c.support.AbstractContextLoader    : Could not detect default resource locations for test class [tn.esprit.spring.services.TimesheetServiceTests]: no resource found for suffixes {-context.xml, Context.groovy}.
2021-11-09 07:35:45.614  INFO 2656 --- [main] t.c.s.AnnotationConfigContextLoaderUtils : Could not detect default configuration classes for test class [tn.esprit.spring.services.TimesheetServiceTests]: TimesheetServiceTests does not declare any static, non-private, non-final, nested classes annotated with @Configuration.
2021-11-09 07:35:45.616  INFO 2656 --- [main] .b.t.c.SpringBootTestContextBootstrapper : Found @SpringBootConfiguration tn.esprit.spring.TimesheetSpringBootCoreDataJpaMvcRest1Application for test class tn.esprit.spring.services.TimesheetServiceTests
2021-11-09 07:35:45.618  INFO 2656 --- [main] .b.t.c.SpringBootTestContextBootstrapper : Loaded default TestExecutionListener class names from location [META-INF/spring.factories]: [org.springframework.boot.test.mock.mockito.MockitoTestExecutionListener, org.springframework.boot.test.mock.mockito.ResetMocksTestExecutionListener, org.springframework.boot.test.autoconfigure.restdocs.RestDocsTestExecutionListener, org.springframework.boot.test.autoconfigure.web.client.MockRestServiceServerResetTestExecutionListener, org.springframework.boot.test.autoconfigure.web.servlet.MockMvcPrintOnlyOnFailureTestExecutionListener, org.springframework.boot.test.autoconfigure.web.servlet.WebDriverTestExecutionListener, org.springframework.test.context.web.ServletTestExecutionListener, org.springframework.test.context.support.DirtiesContextBeforeModesTestExecutionListener, org.springframework.test.context.support.DependencyInjectionTestExecutionListener, org.springframework.test.context.support.DirtiesContextTestExecutionListener, org.springframework.test.context.transaction.TransactionalTestExecutionListener, org.springframework.test.context.jdbc.SqlScriptsTestExecutionListener]
2021-11-09 07:35:45.619  INFO 2656 --- [main] .b.t.c.SpringBootTestContextBootstrapper : Using TestExecutionListeners: [org.springframework.test.context.web.ServletTestExecutionListener@1aa9b1b6, org.springframework.test.context.support.DirtiesContextBeforeModesTestExecutionListener@7b3b57f6, org.springframework.boot.test.mock.mockito.MockitoTestExecutionListener@485455bd, org.springframework.boot.test.autoconfigure.SpringBootDependencyInjectionTestExecutionListener@4c4222e6, org.springframework.test.context.support.DirtiesContextTestExecutionListener@1bb11ed9, org.springframework.test.context.transaction.TransactionalTestExecutionListener@3a147ebe, org.springframework.test.context.jdbc.SqlScriptsTestExecutionListener@50873dfc, org.springframework.boot.test.mock.mockito.ResetMocksTestExecutionListener@d0f7018, org.springframework.boot.test.autoconfigure.restdocs.RestDocsTestExecutionListener@1edbf0b6, org.springframework.boot.test.autoconfigure.web.client.MockRestServiceServerResetTestExecutionListener@7a39c5d, org.springframework.boot.test.autoconfigure.web.servlet.MockMvcPrintOnlyOnFailureTestExecutionListener@6ea23988, org.springframework.boot.test.autoconfigure.web.servlet.WebDriverTestExecutionListener@18db1bf4]
2021-11-09 07:35:46.623  INFO 2656 --- [Thread-3] o.s.s.concurrent.ThreadPoolTaskExecutor  : Shutting down ExecutorService 'applicationTaskExecutor'
2021-11-09 07:35:46.628  INFO 2656 --- [Thread-3] j.LocalContainerEntityManagerFactoryBean : Closing JPA EntityManagerFactory for persistence unit 'default'
2021-11-09 07:35:46.632  INFO 2656 --- [Thread-3] com.zaxxer.hikari.HikariDataSource       : HikariPool-1 - Shutdown initiated...
2021-11-09 07:35:46.885  INFO 2656 --- [Thread-3] com.zaxxer.hikari.HikariDataSource       : HikariPool-1 - Shutdown completed.
2021-11-09 07:37:45.845  INFO 17816 --- [main] tn.esprit.spring.EntrepriseTest          : Starting EntrepriseTest on LAPTOP-VJBGLFQ9 with PID 17816 (started by Sissima in C:\Users\Sissima\Desktop\project\Devops)
2021-11-09 07:37:45.847  INFO 17816 --- [main] tn.esprit.spring.EntrepriseTest          : No active profile set, falling back to default profiles: default
2021-11-09 07:37:46.848  INFO 17816 --- [main] .s.d.r.c.RepositoryConfigurationDelegate : Bootstrapping Spring Data repositories in DEFAULT mode.
2021-11-09 07:37:46.991  INFO 17816 --- [main] .s.d.r.c.RepositoryConfigurationDelegate : Finished Spring Data repository scanning in 123ms. Found 6 repository interfaces.
2021-11-09 07:37:47.661  INFO 17816 --- [main] trationDelegate$BeanPostProcessorChecker : Bean 'org.springframework.transaction.annotation.ProxyTransactionManagementConfiguration' of type [org.springframework.transaction.annotation.ProxyTransactionManagementConfiguration$$EnhancerBySpringCGLIB$$7f417870] is not eligible for getting processed by all BeanPostProcessors (for example: not eligible for auto-proxying)
2021-11-09 07:37:47.990  INFO 17816 --- [main] com.zaxxer.hikari.HikariDataSource       : HikariPool-1 - Starting...
2021-11-09 07:37:48.289  INFO 17816 --- [main] com.zaxxer.hikari.HikariDataSource       : HikariPool-1 - Start completed.
2021-11-09 07:37:48.397  INFO 17816 --- [main] o.hibernate.jpa.internal.util.LogHelper  : HHH000204: Processing PersistenceUnitInfo [
	name: default
	...]
2021-11-09 07:37:48.535  INFO 17816 --- [main] org.hibernate.Version                    : HHH000412: Hibernate Core {5.3.9.Final}
2021-11-09 07:37:48.538  INFO 17816 --- [main] org.hibernate.cfg.Environment            : HHH000206: hibernate.properties not found
2021-11-09 07:37:48.821  INFO 17816 --- [main] o.hibernate.annotations.common.Version   : HCANN000001: Hibernate Commons Annotations {5.0.4.Final}
2021-11-09 07:37:49.655  INFO 17816 --- [main] org.hibernate.dialect.Dialect            : HHH000400: Using dialect: org.hibernate.dialect.MySQL5Dialect
2021-11-09 07:37:51.567  INFO 17816 --- [main] j.LocalContainerEntityManagerFactoryBean : Initialized JPA EntityManagerFactory for persistence unit 'default'
2021-11-09 07:37:52.395  INFO 17816 --- [main] o.h.h.i.QueryTranslatorFactoryInitiator  : HHH000397: Using ASTQueryTranslatorFactory
2021-11-09 07:37:53.667  INFO 17816 --- [main] o.s.s.concurrent.ThreadPoolTaskExecutor  : Initializing ExecutorService 'applicationTaskExecutor'
2021-11-09 07:37:53.773  WARN 17816 --- [main] aWebConfiguration$JpaWebMvcConfiguration : spring.jpa.open-in-view is enabled by default. Therefore, database queries may be performed during view rendering. Explicitly configure spring.jpa.open-in-view to disable this warning
2021-11-09 07:37:54.315  INFO 17816 --- [main] tn.esprit.spring.EntrepriseTest          : Started EntrepriseTest in 9.013 seconds (JVM running for 10.765)
2021-11-09 07:37:54.795  INFO 17816 --- [main] .b.t.c.SpringBootTestContextBootstrapper : Neither @ContextConfiguration nor @ContextHierarchy found for test class [tn.esprit.spring.services.EntrepriseServiceImplTest], using SpringBootContextLoader
2021-11-09 07:37:54.797  INFO 17816 --- [main] o.s.t.c.support.AbstractContextLoader    : Could not detect default resource locations for test class [tn.esprit.spring.services.EntrepriseServiceImplTest]: no resource found for suffixes {-context.xml, Context.groovy}.
2021-11-09 07:37:54.797  INFO 17816 --- [main] t.c.s.AnnotationConfigContextLoaderUtils : Could not detect default configuration classes for test class [tn.esprit.spring.services.EntrepriseServiceImplTest]: EntrepriseServiceImplTest does not declare any static, non-private, non-final, nested classes annotated with @Configuration.
2021-11-09 07:37:54.811  INFO 17816 --- [main] .b.t.c.SpringBootTestContextBootstrapper : Found @SpringBootConfiguration tn.esprit.spring.TimesheetSpringBootCoreDataJpaMvcRest1Application for test class tn.esprit.spring.services.EntrepriseServiceImplTest
2021-11-09 07:37:54.813  INFO 17816 --- [main] .b.t.c.SpringBootTestContextBootstrapper : Loaded default TestExecutionListener class names from location [META-INF/spring.factories]: [org.springframework.boot.test.mock.mockito.MockitoTestExecutionListener, org.springframework.boot.test.mock.mockito.ResetMocksTestExecutionListener, org.springframework.boot.test.autoconfigure.restdocs.RestDocsTestExecutionListener, org.springframework.boot.test.autoconfigure.web.client.MockRestServiceServerResetTestExecutionListener, org.springframework.boot.test.autoconfigure.web.servlet.MockMvcPrintOnlyOnFailureTestExecutionListener, org.springframework.boot.test.autoconfigure.web.servlet.WebDriverTestExecutionListener, org.springframework.test.context.web.ServletTestExecutionListener, org.springframework.test.context.support.DirtiesContextBeforeModesTestExecutionListener, org.springframework.test.context.support.DependencyInjectionTestExecutionListener, org.springframework.test.context.support.DirtiesContextTestExecutionListener, org.springframework.test.context.transaction.TransactionalTestExecutionListener, org.springframework.test.context.jdbc.SqlScriptsTestExecutionListener]
2021-11-09 07:37:54.814  INFO 17816 --- [main] .b.t.c.SpringBootTestContextBootstrapper : Using TestExecutionListeners: [org.springframework.test.context.web.ServletTestExecutionListener@70e195c1, org.springframework.test.context.support.DirtiesContextBeforeModesTestExecutionListener@44cfd479, org.springframework.boot.test.mock.mockito.MockitoTestExecutionListener@4f63304d, org.springframework.boot.test.autoconfigure.SpringBootDependencyInjectionTestExecutionListener@733a2072, org.springframework.test.context.support.DirtiesContextTestExecutionListener@f89fc49, org.springframework.test.context.transaction.TransactionalTestExecutionListener@355f9ddd, org.springframework.test.context.jdbc.SqlScriptsTestExecutionListener@63682263, org.springframework.boot.test.mock.mockito.ResetMocksTestExecutionListener@41f3b7cc, org.springframework.boot.test.autoconfigure.restdocs.RestDocsTestExecutionListener@158600f, org.springframework.boot.test.autoconfigure.web.client.MockRestServiceServerResetTestExecutionListener@4820b48c, org.springframework.boot.test.autoconfigure.web.servlet.MockMvcPrintOnlyOnFailureTestExecutionListener@6af9fcd1, org.springframework.boot.test.autoconfigure.web.servlet.WebDriverTestExecutionListener@36687b95]
2021-11-09 07:37:54.830  INFO 17816 --- [main] .b.t.c.SpringBootTestContextBootstrapper : Neither @ContextConfiguration nor @ContextHierarchy found for test class [tn.esprit.spring.services.TimesheetServiceTests], using SpringBootContextLoader
2021-11-09 07:37:54.832  INFO 17816 --- [main] o.s.t.c.support.AbstractContextLoader    : Could not detect default resource locations for test class [tn.esprit.spring.services.TimesheetServiceTests]: no resource found for suffixes {-context.xml, Context.groovy}.
2021-11-09 07:37:54.832  INFO 17816 --- [main] t.c.s.AnnotationConfigContextLoaderUtils : Could not detect default configuration classes for test class [tn.esprit.spring.services.TimesheetServiceTests]: TimesheetServiceTests does not declare any static, non-private, non-final, nested classes annotated with @Configuration.
2021-11-09 07:37:54.833  INFO 17816 --- [main] .b.t.c.SpringBootTestContextBootstrapper : Found @SpringBootConfiguration tn.esprit.spring.TimesheetSpringBootCoreDataJpaMvcRest1Application for test class tn.esprit.spring.services.TimesheetServiceTests
2021-11-09 07:37:54.835  INFO 17816 --- [main] .b.t.c.SpringBootTestContextBootstrapper : Loaded default TestExecutionListener class names from location [META-INF/spring.factories]: [org.springframework.boot.test.mock.mockito.MockitoTestExecutionListener, org.springframework.boot.test.mock.mockito.ResetMocksTestExecutionListener, org.springframework.boot.test.autoconfigure.restdocs.RestDocsTestExecutionListener, org.springframework.boot.test.autoconfigure.web.client.MockRestServiceServerResetTestExecutionListener, org.springframework.boot.test.autoconfigure.web.servlet.MockMvcPrintOnlyOnFailureTestExecutionListener, org.springframework.boot.test.autoconfigure.web.servlet.WebDriverTestExecutionListener, org.springframework.test.context.web.ServletTestExecutionListener, org.springframework.test.context.support.DirtiesContextBeforeModesTestExecutionListener, org.springframework.test.context.support.DependencyInjectionTestExecutionListener, org.springframework.test.context.support.DirtiesContextTestExecutionListener, org.springframework.test.context.transaction.TransactionalTestExecutionListener, org.springframework.test.context.jdbc.SqlScriptsTestExecutionListener]
2021-11-09 07:37:54.836  INFO 17816 --- [main] .b.t.c.SpringBootTestContextBootstrapper : Using TestExecutionListeners: [org.springframework.test.context.web.ServletTestExecutionListener@485455bd, org.springframework.test.context.support.DirtiesContextBeforeModesTestExecutionListener@4c4222e6, org.springframework.boot.test.mock.mockito.MockitoTestExecutionListener@1bb11ed9, org.springframework.boot.test.autoconfigure.SpringBootDependencyInjectionTestExecutionListener@3a147ebe, org.springframework.test.context.support.DirtiesContextTestExecutionListener@50873dfc, org.springframework.test.context.transaction.TransactionalTestExecutionListener@d0f7018, org.springframework.test.context.jdbc.SqlScriptsTestExecutionListener@1edbf0b6, org.springframework.boot.test.mock.mockito.ResetMocksTestExecutionListener@7a39c5d, org.springframework.boot.test.autoconfigure.restdocs.RestDocsTestExecutionListener@6ea23988, org.springframework.boot.test.autoconfigure.web.client.MockRestServiceServerResetTestExecutionListener@18db1bf4, org.springframework.boot.test.autoconfigure.web.servlet.MockMvcPrintOnlyOnFailureTestExecutionListener@59440619, org.springframework.boot.test.autoconfigure.web.servlet.WebDriverTestExecutionListener@429e2818]
2021-11-09 07:37:55.711  INFO 17816 --- [Thread-3] o.s.s.concurrent.ThreadPoolTaskExecutor  : Shutting down ExecutorService 'applicationTaskExecutor'
2021-11-09 07:37:55.716  INFO 17816 --- [Thread-3] j.LocalContainerEntityManagerFactoryBean : Closing JPA EntityManagerFactory for persistence unit 'default'
2021-11-09 07:37:55.721  INFO 17816 --- [Thread-3] com.zaxxer.hikari.HikariDataSource       : HikariPool-1 - Shutdown initiated...
2021-11-09 07:37:55.950  INFO 17816 --- [Thread-3] com.zaxxer.hikari.HikariDataSource       : HikariPool-1 - Shutdown completed.
2021-11-09 07:39:08.361  INFO 12580 --- [main] t.e.s.services.TimesheetServiceTests     : Starting TimesheetServiceTests on LAPTOP-VJBGLFQ9 with PID 12580 (started by Sissima in C:\Users\Sissima\Desktop\project\Devops)
2021-11-09 07:39:08.362  INFO 12580 --- [main] t.e.s.services.TimesheetServiceTests     : No active profile set, falling back to default profiles: default
2021-11-09 07:39:09.315  INFO 12580 --- [main] .s.d.r.c.RepositoryConfigurationDelegate : Bootstrapping Spring Data repositories in DEFAULT mode.
2021-11-09 07:39:09.485  INFO 12580 --- [main] .s.d.r.c.RepositoryConfigurationDelegate : Finished Spring Data repository scanning in 148ms. Found 6 repository interfaces.
2021-11-09 07:39:10.161  INFO 12580 --- [main] trationDelegate$BeanPostProcessorChecker : Bean 'org.springframework.transaction.annotation.ProxyTransactionManagementConfiguration' of type [org.springframework.transaction.annotation.ProxyTransactionManagementConfiguration$$EnhancerBySpringCGLIB$$36b9c196] is not eligible for getting processed by all BeanPostProcessors (for example: not eligible for auto-proxying)
2021-11-09 07:39:10.487  INFO 12580 --- [main] com.zaxxer.hikari.HikariDataSource       : HikariPool-1 - Starting...
2021-11-09 07:39:10.767  INFO 12580 --- [main] com.zaxxer.hikari.HikariDataSource       : HikariPool-1 - Start completed.
2021-11-09 07:39:10.884  INFO 12580 --- [main] o.hibernate.jpa.internal.util.LogHelper  : HHH000204: Processing PersistenceUnitInfo [
	name: default
	...]
2021-11-09 07:39:11.069  INFO 12580 --- [main] org.hibernate.Version                    : HHH000412: Hibernate Core {5.3.9.Final}
2021-11-09 07:39:11.073  INFO 12580 --- [main] org.hibernate.cfg.Environment            : HHH000206: hibernate.properties not found
2021-11-09 07:39:11.447  INFO 12580 --- [main] o.hibernate.annotations.common.Version   : HCANN000001: Hibernate Commons Annotations {5.0.4.Final}
2021-11-09 07:39:12.694  INFO 12580 --- [main] org.hibernate.dialect.Dialect            : HHH000400: Using dialect: org.hibernate.dialect.MySQL5Dialect
2021-11-09 07:39:14.855  INFO 12580 --- [main] j.LocalContainerEntityManagerFactoryBean : Initialized JPA EntityManagerFactory for persistence unit 'default'
2021-11-09 07:39:15.794  INFO 12580 --- [main] o.h.h.i.QueryTranslatorFactoryInitiator  : HHH000397: Using ASTQueryTranslatorFactory
2021-11-09 07:39:17.163  INFO 12580 --- [main] o.s.s.concurrent.ThreadPoolTaskExecutor  : Initializing ExecutorService 'applicationTaskExecutor'
2021-11-09 07:39:17.275  WARN 12580 --- [main] aWebConfiguration$JpaWebMvcConfiguration : spring.jpa.open-in-view is enabled by default. Therefore, database queries may be performed during view rendering. Explicitly configure spring.jpa.open-in-view to disable this warning
2021-11-09 07:39:17.722  INFO 12580 --- [main] t.e.s.services.TimesheetServiceTests     : Started TimesheetServiceTests in 9.814 seconds (JVM running for 11.991)
2021-11-09 07:39:18.107  INFO 12580 --- [Thread-3] o.s.s.concurrent.ThreadPoolTaskExecutor  : Shutting down ExecutorService 'applicationTaskExecutor'
2021-11-09 07:39:18.111  INFO 12580 --- [Thread-3] j.LocalContainerEntityManagerFactoryBean : Closing JPA EntityManagerFactory for persistence unit 'default'
2021-11-09 07:39:18.114  INFO 12580 --- [Thread-3] com.zaxxer.hikari.HikariDataSource       : HikariPool-1 - Shutdown initiated...
2021-11-09 07:39:18.365  INFO 12580 --- [Thread-3] com.zaxxer.hikari.HikariDataSource       : HikariPool-1 - Shutdown completed.
2021-11-09 07:39:51.335  INFO 9040 --- [main] t.e.s.services.TimesheetServiceTests     : Starting TimesheetServiceTests on LAPTOP-VJBGLFQ9 with PID 9040 (started by Sissima in C:\Users\Sissima\Desktop\project\Devops)
2021-11-09 07:39:51.337  INFO 9040 --- [main] t.e.s.services.TimesheetServiceTests     : No active profile set, falling back to default profiles: default
2021-11-09 07:39:52.431  INFO 9040 --- [main] .s.d.r.c.RepositoryConfigurationDelegate : Bootstrapping Spring Data repositories in DEFAULT mode.
2021-11-09 07:39:52.606  INFO 9040 --- [main] .s.d.r.c.RepositoryConfigurationDelegate : Finished Spring Data repository scanning in 156ms. Found 6 repository interfaces.
2021-11-09 07:39:53.550  INFO 9040 --- [main] trationDelegate$BeanPostProcessorChecker : Bean 'org.springframework.transaction.annotation.ProxyTransactionManagementConfiguration' of type [org.springframework.transaction.annotation.ProxyTransactionManagementConfiguration$$EnhancerBySpringCGLIB$$234a46e1] is not eligible for getting processed by all BeanPostProcessors (for example: not eligible for auto-proxying)
2021-11-09 07:39:53.947  INFO 9040 --- [main] com.zaxxer.hikari.HikariDataSource       : HikariPool-1 - Starting...
2021-11-09 07:39:54.424  INFO 9040 --- [main] com.zaxxer.hikari.HikariDataSource       : HikariPool-1 - Start completed.
2021-11-09 07:39:54.661  INFO 9040 --- [main] o.hibernate.jpa.internal.util.LogHelper  : HHH000204: Processing PersistenceUnitInfo [
	name: default
	...]
2021-11-09 07:39:54.828  INFO 9040 --- [main] org.hibernate.Version                    : HHH000412: Hibernate Core {5.3.9.Final}
2021-11-09 07:39:54.831  INFO 9040 --- [main] org.hibernate.cfg.Environment            : HHH000206: hibernate.properties not found
2021-11-09 07:39:55.145  INFO 9040 --- [main] o.hibernate.annotations.common.Version   : HCANN000001: Hibernate Commons Annotations {5.0.4.Final}
2021-11-09 07:39:56.546  INFO 9040 --- [main] org.hibernate.dialect.Dialect            : HHH000400: Using dialect: org.hibernate.dialect.MySQL5Dialect
2021-11-09 07:39:58.994  INFO 9040 --- [main] j.LocalContainerEntityManagerFactoryBean : Initialized JPA EntityManagerFactory for persistence unit 'default'
2021-11-09 07:39:59.784  INFO 9040 --- [main] o.h.h.i.QueryTranslatorFactoryInitiator  : HHH000397: Using ASTQueryTranslatorFactory
2021-11-09 07:40:01.335  INFO 9040 --- [main] o.s.s.concurrent.ThreadPoolTaskExecutor  : Initializing ExecutorService 'applicationTaskExecutor'
2021-11-09 07:40:01.466  WARN 9040 --- [main] aWebConfiguration$JpaWebMvcConfiguration : spring.jpa.open-in-view is enabled by default. Therefore, database queries may be performed during view rendering. Explicitly configure spring.jpa.open-in-view to disable this warning
2021-11-09 07:40:01.997  INFO 9040 --- [main] t.e.s.services.TimesheetServiceTests     : Started TimesheetServiceTests in 11.284 seconds (JVM running for 14.295)
2021-11-09 07:40:02.487  INFO 9040 --- [Thread-3] o.s.s.concurrent.ThreadPoolTaskExecutor  : Shutting down ExecutorService 'applicationTaskExecutor'
2021-11-09 07:40:02.490  INFO 9040 --- [Thread-3] j.LocalContainerEntityManagerFactoryBean : Closing JPA EntityManagerFactory for persistence unit 'default'
2021-11-09 07:40:02.494  INFO 9040 --- [Thread-3] com.zaxxer.hikari.HikariDataSource       : HikariPool-1 - Shutdown initiated...
2021-11-09 07:40:02.777  INFO 9040 --- [Thread-3] com.zaxxer.hikari.HikariDataSource       : HikariPool-1 - Shutdown completed.
2021-11-09 07:41:18.339  INFO 5716 --- [main] t.e.s.services.TimesheetServiceTests     : Starting TimesheetServiceTests on LAPTOP-VJBGLFQ9 with PID 5716 (started by Sissima in C:\Users\Sissima\Desktop\project\Devops)
2021-11-09 07:41:18.341  INFO 5716 --- [main] t.e.s.services.TimesheetServiceTests     : No active profile set, falling back to default profiles: default
2021-11-09 07:41:19.301  INFO 5716 --- [main] .s.d.r.c.RepositoryConfigurationDelegate : Bootstrapping Spring Data repositories in DEFAULT mode.
2021-11-09 07:41:19.561  INFO 5716 --- [main] .s.d.r.c.RepositoryConfigurationDelegate : Finished Spring Data repository scanning in 232ms. Found 6 repository interfaces.
2021-11-09 07:41:20.315  INFO 5716 --- [main] trationDelegate$BeanPostProcessorChecker : Bean 'org.springframework.transaction.annotation.ProxyTransactionManagementConfiguration' of type [org.springframework.transaction.annotation.ProxyTransactionManagementConfiguration$$EnhancerBySpringCGLIB$$99a4707c] is not eligible for getting processed by all BeanPostProcessors (for example: not eligible for auto-proxying)
2021-11-09 07:41:20.603  INFO 5716 --- [main] com.zaxxer.hikari.HikariDataSource       : HikariPool-1 - Starting...
2021-11-09 07:41:20.895  INFO 5716 --- [main] com.zaxxer.hikari.HikariDataSource       : HikariPool-1 - Start completed.
2021-11-09 07:41:21.009  INFO 5716 --- [main] o.hibernate.jpa.internal.util.LogHelper  : HHH000204: Processing PersistenceUnitInfo [
	name: default
	...]
2021-11-09 07:41:21.201  INFO 5716 --- [main] org.hibernate.Version                    : HHH000412: Hibernate Core {5.3.9.Final}
2021-11-09 07:41:21.205  INFO 5716 --- [main] org.hibernate.cfg.Environment            : HHH000206: hibernate.properties not found
2021-11-09 07:41:21.503  INFO 5716 --- [main] o.hibernate.annotations.common.Version   : HCANN000001: Hibernate Commons Annotations {5.0.4.Final}
2021-11-09 07:41:22.762  INFO 5716 --- [main] org.hibernate.dialect.Dialect            : HHH000400: Using dialect: org.hibernate.dialect.MySQL5Dialect
2021-11-09 07:41:24.706  INFO 5716 --- [main] j.LocalContainerEntityManagerFactoryBean : Initialized JPA EntityManagerFactory for persistence unit 'default'
2021-11-09 07:41:25.421  INFO 5716 --- [main] o.h.h.i.QueryTranslatorFactoryInitiator  : HHH000397: Using ASTQueryTranslatorFactory
2021-11-09 07:41:26.705  INFO 5716 --- [main] o.s.s.concurrent.ThreadPoolTaskExecutor  : Initializing ExecutorService 'applicationTaskExecutor'
2021-11-09 07:41:26.819  WARN 5716 --- [main] aWebConfiguration$JpaWebMvcConfiguration : spring.jpa.open-in-view is enabled by default. Therefore, database queries may be performed during view rendering. Explicitly configure spring.jpa.open-in-view to disable this warning
2021-11-09 07:41:27.264  INFO 5716 --- [main] t.e.s.services.TimesheetServiceTests     : Started TimesheetServiceTests in 9.406 seconds (JVM running for 11.598)
2021-11-09 07:41:27.702  INFO 5716 --- [Thread-3] o.s.s.concurrent.ThreadPoolTaskExecutor  : Shutting down ExecutorService 'applicationTaskExecutor'
2021-11-09 07:41:27.705  INFO 5716 --- [Thread-3] j.LocalContainerEntityManagerFactoryBean : Closing JPA EntityManagerFactory for persistence unit 'default'
2021-11-09 07:41:27.709  INFO 5716 --- [Thread-3] com.zaxxer.hikari.HikariDataSource       : HikariPool-1 - Shutdown initiated...
2021-11-09 07:41:28.010  INFO 5716 --- [Thread-3] com.zaxxer.hikari.HikariDataSource       : HikariPool-1 - Shutdown completed.
2021-11-09 07:43:05.406  INFO 20776 --- [main] t.e.s.services.TimesheetServiceTests     : Starting TimesheetServiceTests on LAPTOP-VJBGLFQ9 with PID 20776 (started by Sissima in C:\Users\Sissima\Desktop\project\Devops)
2021-11-09 07:43:05.408  INFO 20776 --- [main] t.e.s.services.TimesheetServiceTests     : No active profile set, falling back to default profiles: default
2021-11-09 07:43:06.408  INFO 20776 --- [main] .s.d.r.c.RepositoryConfigurationDelegate : Bootstrapping Spring Data repositories in DEFAULT mode.
2021-11-09 07:43:06.586  INFO 20776 --- [main] .s.d.r.c.RepositoryConfigurationDelegate : Finished Spring Data repository scanning in 142ms. Found 6 repository interfaces.
2021-11-09 07:43:07.220  INFO 20776 --- [main] trationDelegate$BeanPostProcessorChecker : Bean 'org.springframework.transaction.annotation.ProxyTransactionManagementConfiguration' of type [org.springframework.transaction.annotation.ProxyTransactionManagementConfiguration$$EnhancerBySpringCGLIB$$99a4707c] is not eligible for getting processed by all BeanPostProcessors (for example: not eligible for auto-proxying)
2021-11-09 07:43:07.516  INFO 20776 --- [main] com.zaxxer.hikari.HikariDataSource       : HikariPool-1 - Starting...
2021-11-09 07:43:07.805  INFO 20776 --- [main] com.zaxxer.hikari.HikariDataSource       : HikariPool-1 - Start completed.
2021-11-09 07:43:07.916  INFO 20776 --- [main] o.hibernate.jpa.internal.util.LogHelper  : HHH000204: Processing PersistenceUnitInfo [
	name: default
	...]
2021-11-09 07:43:08.073  INFO 20776 --- [main] org.hibernate.Version                    : HHH000412: Hibernate Core {5.3.9.Final}
2021-11-09 07:43:08.077  INFO 20776 --- [main] org.hibernate.cfg.Environment            : HHH000206: hibernate.properties not found
2021-11-09 07:43:08.407  INFO 20776 --- [main] o.hibernate.annotations.common.Version   : HCANN000001: Hibernate Commons Annotations {5.0.4.Final}
2021-11-09 07:43:09.511  INFO 20776 --- [main] org.hibernate.dialect.Dialect            : HHH000400: Using dialect: org.hibernate.dialect.MySQL5Dialect
2021-11-09 07:43:11.461  INFO 20776 --- [main] j.LocalContainerEntityManagerFactoryBean : Initialized JPA EntityManagerFactory for persistence unit 'default'
2021-11-09 07:43:12.225  INFO 20776 --- [main] o.h.h.i.QueryTranslatorFactoryInitiator  : HHH000397: Using ASTQueryTranslatorFactory
2021-11-09 07:43:13.520  INFO 20776 --- [main] o.s.s.concurrent.ThreadPoolTaskExecutor  : Initializing ExecutorService 'applicationTaskExecutor'
2021-11-09 07:43:13.632  WARN 20776 --- [main] aWebConfiguration$JpaWebMvcConfiguration : spring.jpa.open-in-view is enabled by default. Therefore, database queries may be performed during view rendering. Explicitly configure spring.jpa.open-in-view to disable this warning
2021-11-09 07:43:14.057  INFO 20776 --- [main] t.e.s.services.TimesheetServiceTests     : Started TimesheetServiceTests in 9.137 seconds (JVM running for 11.389)
2021-11-09 07:43:14.497  INFO 20776 --- [Thread-3] o.s.s.concurrent.ThreadPoolTaskExecutor  : Shutting down ExecutorService 'applicationTaskExecutor'
2021-11-09 07:43:14.501  INFO 20776 --- [Thread-3] j.LocalContainerEntityManagerFactoryBean : Closing JPA EntityManagerFactory for persistence unit 'default'
2021-11-09 07:43:14.505  INFO 20776 --- [Thread-3] com.zaxxer.hikari.HikariDataSource       : HikariPool-1 - Shutdown initiated...
2021-11-09 07:43:14.746  INFO 20776 --- [Thread-3] com.zaxxer.hikari.HikariDataSource       : HikariPool-1 - Shutdown completed.
